<?xml version="1.0" encoding="UTF-8"?>
<!-- Generated by org.testng.reporters.JUnitXMLReporter -->
<testsuite ignored="0" hostname="HashStudiozs-MacBook-Pro.local" failures="0" tests="4" name="Default test" time="0.174" errors="0" timestamp="28 Oct 2021 14:03:41 GMT">
  <testcase classname="com.testNg.concepts.Tutorial_2_TestNgxml" name="setup" time="0.018"/>
  <testcase classname="com.testNg.concepts.Tutorial_2_TestNgxml" name="addCustomer" time="0.01"/>
  <testcase classname="com.testNg.concepts.Tutorial_2_TestNgxml" name="searchCustomer" time="0.009"/>
  <testcase classname="com.testNg.concepts.Tutorial_2_TestNgxml" name="teardown" time="0.01"/>
</testsuite> <!-- Default test -->
