<?xml version="1.0" encoding="UTF-8"?>
<!-- Generated by org.testng.reporters.JUnitXMLReporter -->
<testsuite ignored="0" hostname="HashStudiozs-MacBook-Pro.local" failures="11" tests="33" name="restAssuredTest" time="28.316" errors="0" timestamp="10 Oct 2021 09:46:11 GMT">
  <testcase classname="com.employee.framework.TC005_Delete_Employee_Record" name="@BeforeClass deleteEmployeeRecord" time="1.655">
    <failure type="io.restassured.path.json.exception.JsonPathException" message="Failed to parse the JSON document">
      <![CDATA[io.restassured.path.json.exception.JsonPathException: Failed to parse the JSON document
at io.restassured.path.json.JsonPath$ExceptionCatcher.invoke(JsonPath.java:1002)
at io.restassured.path.json.JsonPath$4.doParseWith(JsonPath.java:967)
at io.restassured.path.json.JsonPath$JsonParser.parseWith(JsonPath.java:1047)
at io.restassured.path.json.JsonPath.get(JsonPath.java:202)
at com.employee.framework.TC005_Delete_Employee_Record.deleteEmployeeRecord(TC005_Delete_Employee_Record.java:30)
Caused by: groovy.json.JsonException: Lexing failed on line: 1, column: 1, while reading '<', no possible valid JSON value or punctuation could be recognized.
at groovy.json.JsonLexer.nextToken(JsonLexer.java:86)
at groovy.json.JsonLexer$nextToken.call(Unknown Source)
at org.codehaus.groovy.runtime.callsite.CallSiteArray.defaultCall(CallSiteArray.java:47)
at org.codehaus.groovy.runtime.callsite.AbstractCallSite.call(AbstractCallSite.java:125)
at org.codehaus.groovy.runtime.callsite.AbstractCallSite.call(AbstractCallSite.java:130)
at io.restassured.internal.path.json.ConfigurableJsonSlurper.parse(ConfigurableJsonSlurper.groovy:97)
at io.restassured.internal.path.json.ConfigurableJsonSlurper$parse.callCurrent(Unknown Source)
at org.codehaus.groovy.runtime.callsite.CallSiteArray.defaultCallCurrent(CallSiteArray.java:51)
at org.codehaus.groovy.runtime.callsite.AbstractCallSite.callCurrent(AbstractCallSite.java:171)
at org.codehaus.groovy.runtime.callsite.AbstractCallSite.callCurrent(AbstractCallSite.java:185)
at io.restassured.internal.path.json.ConfigurableJsonSlurper.parseText(ConfigurableJsonSlurper.groovy:83)
at io.restassured.path.json.JsonPath$4$1.method(JsonPath.java:965)
at io.restassured.path.json.JsonPath$ExceptionCatcher.invoke(JsonPath.java:1000)
... 30 more
... Removed 26 stack frames]]>
    </failure>
  </testcase> <!-- @BeforeClass deleteEmployeeRecord -->
  <testcase classname="com.employee.framework.TC001_Get_All_Employees" name="checkContentLenght" time="0.008">
    <failure type="java.lang.NumberFormatException" message="null">
      <![CDATA[java.lang.NumberFormatException: null
at java.base/java.lang.Integer.parseInt(Integer.java:622)
at java.base/java.lang.Integer.parseInt(Integer.java:778)
at com.employee.framework.TC001_Get_All_Employees.checkContentLenght(TC001_Get_All_Employees.java:122)
... Removed 25 stack frames]]>
    </failure>
  </testcase> <!-- checkContentLenght -->
  <testcase classname="com.employee.framework.TC001_Get_All_Employees" name="checkContentType" time="0.007">
    <failure type="java.lang.AssertionError" message="expected [application/json] but found [text/html; charset=UTF-8]">
      <![CDATA[java.lang.AssertionError: expected [application/json] but found [text/html; charset=UTF-8]
at com.employee.framework.TC001_Get_All_Employees.checkContentType(TC001_Get_All_Employees.java:88)
... Removed 31 stack frames]]>
    </failure>
  </testcase> <!-- checkContentType -->
  <testcase classname="com.employee.framework.TC001_Get_All_Employees" name="checkResponseTime" time="0.006"/>
  <testcase classname="com.employee.framework.TC001_Get_All_Employees" name="checkResposeBody" time="0.064"/>
  <testcase classname="com.employee.framework.TC001_Get_All_Employees" name="checkStatusCode" time="0.004">
    <failure type="java.lang.AssertionError" message="expected [200] but found [429]">
      <![CDATA[java.lang.AssertionError: expected [200] but found [429]
at com.employee.framework.TC001_Get_All_Employees.checkStatusCode(TC001_Get_All_Employees.java:48)
... Removed 31 stack frames]]>
    </failure>
  </testcase> <!-- checkStatusCode -->
  <testcase classname="com.employee.framework.TC001_Get_All_Employees" name="checkcontentEncoding" time="0.006">
    <failure type="java.lang.AssertionError" message="expected [gzip] but found [null]">
      <![CDATA[java.lang.AssertionError: expected [gzip] but found [null]
at com.employee.framework.TC001_Get_All_Employees.checkcontentEncoding(TC001_Get_All_Employees.java:109)
... Removed 31 stack frames]]>
    </failure>
  </testcase> <!-- checkcontentEncoding -->
  <testcase classname="com.employee.framework.TC001_Get_All_Employees" name="checkserverType" time="0.003"/>
  <testcase classname="com.employee.framework.TC001_Get_All_Employees" name="checkstatusLine" time="0.008">
    <failure type="java.lang.AssertionError" message="expected [HTTP/1.1 200 OK] but found [HTTP/1.1 429 Too Many Requests]">
      <![CDATA[java.lang.AssertionError: expected [HTTP/1.1 200 OK] but found [HTTP/1.1 429 Too Many Requests]
at com.employee.framework.TC001_Get_All_Employees.checkstatusLine(TC001_Get_All_Employees.java:75)
... Removed 31 stack frames]]>
    </failure>
  </testcase> <!-- checkstatusLine -->
  <testcase classname="com.employee.framework.TC002_Get_Single_Employee_Record" name="checkContentLength" time="0.002"/>
  <testcase classname="com.employee.framework.TC002_Get_Single_Employee_Record" name="checkContentType" time="0.003"/>
  <testcase classname="com.employee.framework.TC002_Get_Single_Employee_Record" name="checkResponseBody" time="0.061"/>
  <testcase classname="com.employee.framework.TC002_Get_Single_Employee_Record" name="checkResponseTime" time="0.003">
    <failure type="java.lang.AssertionError" message="expected [true] but found [false]">
      <![CDATA[java.lang.AssertionError: expected [true] but found [false]
at com.employee.framework.TC002_Get_Single_Employee_Record.checkResponseTime(TC002_Get_Single_Employee_Record.java:58)
... Removed 29 stack frames]]>
    </failure>
  </testcase> <!-- checkResponseTime -->
  <testcase classname="com.employee.framework.TC002_Get_Single_Employee_Record" name="checkServerType" time="0.003"/>
  <testcase classname="com.employee.framework.TC002_Get_Single_Employee_Record" name="checkStatusCode" time="0.003"/>
  <testcase classname="com.employee.framework.TC002_Get_Single_Employee_Record" name="checkStatusLine" time="0.003"/>
  <testcase classname="com.employee.framework.TC003_Post_Employee_Record" name="CheckresponseBody" time="0.176">
    <failure type="java.lang.AssertionError" message="expected [true] but found [false]">
      <![CDATA[java.lang.AssertionError: expected [true] but found [false]
at com.employee.framework.TC003_Post_Employee_Record.CheckresponseBody(TC003_Post_Employee_Record.java:58)
... Removed 31 stack frames]]>
    </failure>
  </testcase> <!-- CheckresponseBody -->
  <testcase classname="com.employee.framework.TC003_Post_Employee_Record" name="CheckstatusLine" time="0.002">
    <failure type="java.lang.AssertionError" message="expected [HTTP/1.1 200 OK] but found [HTTP/1.1 429 Too Many Requests]">
      <![CDATA[java.lang.AssertionError: expected [HTTP/1.1 200 OK] but found [HTTP/1.1 429 Too Many Requests]
at com.employee.framework.TC003_Post_Employee_Record.CheckstatusLine(TC003_Post_Employee_Record.java:80)
... Removed 31 stack frames]]>
    </failure>
  </testcase> <!-- CheckstatusLine -->
  <testcase classname="com.employee.framework.TC003_Post_Employee_Record" name="checkContentEncoding" time="0.002">
    <failure type="java.lang.AssertionError" message="expected [gzip] but found [null]">
      <![CDATA[java.lang.AssertionError: expected [gzip] but found [null]
at com.employee.framework.TC003_Post_Employee_Record.checkContentEncoding(TC003_Post_Employee_Record.java:118)
... Removed 31 stack frames]]>
    </failure>
  </testcase> <!-- checkContentEncoding -->
  <testcase classname="com.employee.framework.TC003_Post_Employee_Record" name="checkContentType" time="0.006">
    <failure type="java.lang.AssertionError" message="expected [application/json] but found [text/html; charset=UTF-8]">
      <![CDATA[java.lang.AssertionError: expected [application/json] but found [text/html; charset=UTF-8]
at com.employee.framework.TC003_Post_Employee_Record.checkContentType(TC003_Post_Employee_Record.java:89)
... Removed 31 stack frames]]>
    </failure>
  </testcase> <!-- checkContentType -->
  <testcase classname="com.employee.framework.TC003_Post_Employee_Record" name="checkServerType" time="0.003"/>
  <testcase classname="com.employee.framework.TC003_Post_Employee_Record" name="checkStatusCode" time="0.002">
    <failure type="java.lang.AssertionError" message="expected [200] but found [429]">
      <![CDATA[java.lang.AssertionError: expected [200] but found [429]
at com.employee.framework.TC003_Post_Employee_Record.checkStatusCode(TC003_Post_Employee_Record.java:70)
... Removed 31 stack frames]]>
    </failure>
  </testcase> <!-- checkStatusCode -->
  <testcase classname="com.employee.framework.TC004_Put_Employee_Record" name="CheckstatusLine" time="0.002"/>
  <testcase classname="com.employee.framework.TC004_Put_Employee_Record" name="checkContentEncoding" time="0.003"/>
  <testcase classname="com.employee.framework.TC004_Put_Employee_Record" name="checkContentType" time="0.003"/>
  <testcase classname="com.employee.framework.TC004_Put_Employee_Record" name="checkResponseBody" time="0.009"/>
  <testcase classname="com.employee.framework.TC004_Put_Employee_Record" name="checkServerType" time="0.003"/>
  <testcase classname="com.employee.framework.TC004_Put_Employee_Record" name="checkStatusCode" time="0.013"/>
  <testcase classname="com.employee.framework.TC005_Delete_Employee_Record" name="CheckstatusLine" time="0.0">
    <skipped/>
  </testcase> <!-- CheckstatusLine -->
  <testcase classname="com.employee.framework.TC005_Delete_Employee_Record" name="checkContentEncoding" time="0.0">
    <skipped/>
  </testcase> <!-- checkContentEncoding -->
  <testcase classname="com.employee.framework.TC005_Delete_Employee_Record" name="checkContentType" time="0.0">
    <skipped/>
  </testcase> <!-- checkContentType -->
  <testcase classname="com.employee.framework.TC005_Delete_Employee_Record" name="checkResponseBody" time="0.0">
    <skipped/>
  </testcase> <!-- checkResponseBody -->
  <testcase classname="com.employee.framework.TC005_Delete_Employee_Record" name="checkServerType" time="0.0">
    <skipped/>
  </testcase> <!-- checkServerType -->
  <testcase classname="com.employee.framework.TC005_Delete_Employee_Record" name="checkStatusCode" time="0.0">
    <skipped/>
  </testcase> <!-- checkStatusCode -->
</testsuite> <!-- restAssuredTest -->
