<?xml version="1.0" encoding="UTF-8"?>
<!-- Generated by org.testng.reporters.JUnitXMLReporter -->
<testsuite ignored="0" hostname="HashStudiozs-MacBook-Pro.local" failures="0" tests="4" name="Annotations Tutorials" time="0.076" errors="0" timestamp="30 Oct 2021 08:53:54 GMT">
  <testcase classname="com.testNg.concepts.Tutorial_3_TestNg_Annotations" name="test1" time="0.007"/>
  <testcase classname="com.testNg.concepts.Tutorial_3_TestNg_Annotations" name="test2" time="0.003"/>
  <testcase classname="com.testNg.concepts.TC_2_TestNg_Annotations" name="test3" time="0.005"/>
  <testcase classname="com.testNg.concepts.TC_2_TestNg_Annotations" name="test4" time="0.002"/>
</testsuite> <!-- Annotations Tutorials -->
