<?xml version="1.0" encoding="UTF-8"?>
<!-- Generated by org.testng.reporters.JUnitXMLReporter -->
<testsuite ignored="0" hostname="HashStudiozs-MacBook-Pro.local" failures="0" tests="2" name="Parameterization1" time="8.57" errors="0" timestamp="05 Nov 2021 14:02:21 GMT">
  <testcase classname="com.testNg.concepts.Tutorial_8_TestNg_Parameterization" name="homePageTitle" time="0.02"/>
  <testcase classname="com.testNg.concepts.Tutorial_8_TestNg_Parameterization" name="logoTest" time="0.117"/>
</testsuite> <!-- Parameterization1 -->
