<?xml version="1.0" encoding="UTF-8"?>
<!-- Generated by org.testng.reporters.JUnitXMLReporter -->
<testsuite ignored="0" hostname="HashStudiozs-MacBook-Pro.local" failures="0" tests="7" name="TestcasesTestNg" time="0.172" errors="0" timestamp="28 Oct 2021 14:04:35 GMT">
  <testcase classname="com.testNg.concepts.IntroductionTestNg" name="setup" time="0.017"/>
  <testcase classname="com.testNg.concepts.Tutorial_2_TestNgxml" name="setup" time="0.014"/>
  <testcase classname="com.testNg.concepts.IntroductionTestNg" name="login" time="0.012"/>
  <testcase classname="com.testNg.concepts.Tutorial_2_TestNgxml" name="addCustomer" time="0.013"/>
  <testcase classname="com.testNg.concepts.IntroductionTestNg" name="teardown" time="0.009"/>
  <testcase classname="com.testNg.concepts.Tutorial_2_TestNgxml" name="searchCustomer" time="0.01"/>
  <testcase classname="com.testNg.concepts.Tutorial_2_TestNgxml" name="teardown" time="0.003"/>
</testsuite> <!-- TestcasesTestNg -->
