<?xml version="1.0" encoding="UTF-8"?>
<testng-results ignored="0" total="7" passed="7" failed="0" skipped="0">
  <reporter-output>
  </reporter-output>
  <suite started-at="2021-10-28T14:04:29Z" name="All Test cases TestNg Tutorials" finished-at="2021-10-28T14:04:29Z" duration-ms="172">
    <groups>
    </groups>
    <test started-at="2021-10-28T14:04:29Z" name="TestcasesTestNg" finished-at="2021-10-28T14:04:29Z" duration-ms="172">
      <class name="com.testNg.concepts.IntroductionTestNg">
        <test-method signature="setup()[pri:1, instance:com.testNg.concepts.IntroductionTestNg@7ff2a664]" started-at="2021-10-28T14:04:29Z" name="setup" finished-at="2021-10-28T14:04:29Z" duration-ms="17" status="PASS">
          <reporter-output>
          </reporter-output>
        </test-method> <!-- setup -->
        <test-method signature="login()[pri:2, instance:com.testNg.concepts.IntroductionTestNg@7ff2a664]" started-at="2021-10-28T14:04:29Z" name="login" finished-at="2021-10-28T14:04:29Z" duration-ms="12" status="PASS">
          <reporter-output>
          </reporter-output>
        </test-method> <!-- login -->
        <test-method signature="teardown()[pri:3, instance:com.testNg.concepts.IntroductionTestNg@7ff2a664]" started-at="2021-10-28T14:04:29Z" name="teardown" finished-at="2021-10-28T14:04:29Z" duration-ms="9" status="PASS">
          <reporter-output>
          </reporter-output>
        </test-method> <!-- teardown -->
      </class> <!-- com.testNg.concepts.IntroductionTestNg -->
      <class name="com.testNg.concepts.Tutorial_2_TestNgxml">
        <test-method signature="setup()[pri:1, instance:com.testNg.concepts.Tutorial_2_TestNgxml@525b461a]" started-at="2021-10-28T14:04:29Z" name="setup" finished-at="2021-10-28T14:04:29Z" duration-ms="14" status="PASS">
          <reporter-output>
          </reporter-output>
        </test-method> <!-- setup -->
        <test-method signature="addCustomer()[pri:2, instance:com.testNg.concepts.Tutorial_2_TestNgxml@525b461a]" started-at="2021-10-28T14:04:29Z" name="addCustomer" finished-at="2021-10-28T14:04:29Z" duration-ms="13" status="PASS">
          <reporter-output>
          </reporter-output>
        </test-method> <!-- addCustomer -->
        <test-method signature="searchCustomer()[pri:3, instance:com.testNg.concepts.Tutorial_2_TestNgxml@525b461a]" started-at="2021-10-28T14:04:29Z" name="searchCustomer" finished-at="2021-10-28T14:04:29Z" duration-ms="10" status="PASS">
          <reporter-output>
          </reporter-output>
        </test-method> <!-- searchCustomer -->
        <test-method signature="teardown()[pri:4, instance:com.testNg.concepts.Tutorial_2_TestNgxml@525b461a]" started-at="2021-10-28T14:04:29Z" name="teardown" finished-at="2021-10-28T14:04:29Z" duration-ms="3" status="PASS">
          <reporter-output>
          </reporter-output>
        </test-method> <!-- teardown -->
      </class> <!-- com.testNg.concepts.Tutorial_2_TestNgxml -->
    </test> <!-- TestcasesTestNg -->
  </suite> <!-- All Test cases TestNg Tutorials -->
</testng-results>
