<?xml version="1.0" encoding="UTF-8"?>
<testng-results ignored="0" total="3" passed="3" failed="0" skipped="0">
  <reporter-output>
  </reporter-output>
  <suite started-at="2021-09-13T15:47:15Z" name="Default suite" finished-at="2021-09-13T15:47:19Z" duration-ms="4266">
    <groups>
    </groups>
    <test started-at="2021-09-13T15:47:15Z" name="Default test" finished-at="2021-09-13T15:47:19Z" duration-ms="4266">
      <class name="dataDriven.DDT_001_POST_CREATE_USER">
        <test-method signature="dataDriveCreateuserTestcase(java.lang.String, java.lang.String)[pri:0, instance:dataDriven.DDT_001_POST_CREATE_USER@7c711375]" started-at="2021-09-13T15:47:15Z" name="dataDriveCreateuserTestcase" data-provider="empdataProvider" finished-at="2021-09-13T15:47:18Z" duration-ms="2799" status="PASS">
          <params>
            <param index="0">
              <value>
                <![CDATA[abc123]]>
              </value>
            </param>
            <param index="1">
              <value>
                <![CDATA[SOFTWARE DEVLOPER]]>
              </value>
            </param>
          </params>
          <reporter-output>
          </reporter-output>
        </test-method> <!-- dataDriveCreateuserTestcase -->
        <test-method signature="dataDriveCreateuserTestcase(java.lang.String, java.lang.String)[pri:0, instance:dataDriven.DDT_001_POST_CREATE_USER@7c711375]" started-at="2021-09-13T15:47:18Z" name="dataDriveCreateuserTestcase" data-provider="empdataProvider" finished-at="2021-09-13T15:47:19Z" duration-ms="808" status="PASS">
          <params>
            <param index="0">
              <value>
                <![CDATA[xyz123]]>
              </value>
            </param>
            <param index="1">
              <value>
                <![CDATA[UX DESIGNER]]>
              </value>
            </param>
          </params>
          <reporter-output>
          </reporter-output>
        </test-method> <!-- dataDriveCreateuserTestcase -->
        <test-method signature="dataDriveCreateuserTestcase(java.lang.String, java.lang.String)[pri:0, instance:dataDriven.DDT_001_POST_CREATE_USER@7c711375]" started-at="2021-09-13T15:47:19Z" name="dataDriveCreateuserTestcase" data-provider="empdataProvider" finished-at="2021-09-13T15:47:19Z" duration-ms="598" status="PASS">
          <params>
            <param index="0">
              <value>
                <![CDATA[pqr123]]>
              </value>
            </param>
            <param index="1">
              <value>
                <![CDATA[UI DESIGNER]]>
              </value>
            </param>
          </params>
          <reporter-output>
          </reporter-output>
        </test-method> <!-- dataDriveCreateuserTestcase -->
      </class> <!-- dataDriven.DDT_001_POST_CREATE_USER -->
    </test> <!-- Default test -->
  </suite> <!-- Default suite -->
</testng-results>
