<?xml version="1.0" encoding="UTF-8"?>
<testng-results ignored="0" total="3" passed="3" failed="0" skipped="0">
  <reporter-output>
  </reporter-output>
  <suite started-at="2021-10-09T15:27:17Z" name="Default suite" finished-at="2021-10-09T15:27:25Z" duration-ms="8285">
    <groups>
    </groups>
    <test started-at="2021-10-09T15:27:17Z" name="Default test" finished-at="2021-10-09T15:27:25Z" duration-ms="8285">
      <class name="com.employee.framework.TC003_Post_Employee_Record">
        <test-method is-config="true" signature="setup()[pri:0, instance:com.employee.framework.TC003_Post_Employee_Record@47e2e487]" started-at="2021-10-09T15:27:17Z" name="setup" finished-at="2021-10-09T15:27:17Z" duration-ms="117" status="PASS">
          <reporter-output>
          </reporter-output>
        </test-method> <!-- setup -->
        <test-method is-config="true" signature="createNewEmployeeRecord()[pri:0, instance:com.employee.framework.TC003_Post_Employee_Record@47e2e487]" started-at="2021-10-09T15:27:17Z" name="createNewEmployeeRecord" finished-at="2021-10-09T15:27:25Z" duration-ms="8054" status="PASS">
          <reporter-output>
          </reporter-output>
        </test-method> <!-- createNewEmployeeRecord -->
        <test-method signature="CheckresponseBody()[pri:0, instance:com.employee.framework.TC003_Post_Employee_Record@47e2e487]" started-at="2021-10-09T15:27:25Z" name="CheckresponseBody" finished-at="2021-10-09T15:27:25Z" duration-ms="69" status="PASS">
          <reporter-output>
          </reporter-output>
        </test-method> <!-- CheckresponseBody -->
        <test-method signature="checkContentEncoding()[pri:0, instance:com.employee.framework.TC003_Post_Employee_Record@47e2e487]" started-at="2021-10-09T15:27:25Z" name="checkContentEncoding" finished-at="2021-10-09T15:27:25Z" duration-ms="3" status="PASS">
          <reporter-output>
          </reporter-output>
        </test-method> <!-- checkContentEncoding -->
        <test-method signature="checkServerType()[pri:0, instance:com.employee.framework.TC003_Post_Employee_Record@47e2e487]" started-at="2021-10-09T15:27:25Z" name="checkServerType" finished-at="2021-10-09T15:27:25Z" duration-ms="3" status="PASS">
          <reporter-output>
          </reporter-output>
        </test-method> <!-- checkServerType -->
        <test-method is-config="true" signature="tearDown()[pri:0, instance:com.employee.framework.TC003_Post_Employee_Record@47e2e487]" started-at="2021-10-09T15:27:25Z" name="tearDown" finished-at="2021-10-09T15:27:25Z" duration-ms="4" status="PASS">
          <reporter-output>
          </reporter-output>
        </test-method> <!-- tearDown -->
      </class> <!-- com.employee.framework.TC003_Post_Employee_Record -->
    </test> <!-- Default test -->
  </suite> <!-- Default suite -->
</testng-results>
