<?xml version="1.0" encoding="UTF-8"?>
<testng-results ignored="0" total="1" passed="1" failed="0" skipped="0">
  <reporter-output>
  </reporter-output>
  <suite started-at="2021-10-30T10:18:32Z" name="Default suite" finished-at="2021-10-30T10:18:32Z" duration-ms="73">
    <groups>
    </groups>
    <test started-at="2021-10-30T10:18:32Z" name="Default test" finished-at="2021-10-30T10:18:32Z" duration-ms="73">
      <class name="com.testNg.concepts.Tutorial_6_Grouping_Testcases">
        <test-method signature="startCar()[pri:0, instance:com.testNg.concepts.Tutorial_6_Grouping_Testcases@3a44431a]" started-at="2021-10-30T10:18:32Z" name="startCar" finished-at="2021-10-30T10:18:32Z" duration-ms="34" status="PASS">
          <reporter-output>
          </reporter-output>
        </test-method> <!-- startCar -->
      </class> <!-- com.testNg.concepts.Tutorial_6_Grouping_Testcases -->
    </test> <!-- Default test -->
  </suite> <!-- Default suite -->
</testng-results>
