<?xml version="1.0" encoding="UTF-8"?>
<testng-results ignored="0" total="3" passed="3" failed="0" skipped="0">
  <reporter-output>
  </reporter-output>
  <suite started-at="2021-10-08T15:01:43Z" name="Default suite" finished-at="2021-10-08T15:01:46Z" duration-ms="3317">
    <groups>
    </groups>
    <test started-at="2021-10-08T15:01:43Z" name="Default test" finished-at="2021-10-08T15:01:46Z" duration-ms="3317">
      <class name="com.employee.framework.TC002_Get_Single_Employee_Record">
        <test-method is-config="true" signature="setup()[pri:0, instance:com.employee.framework.TC002_Get_Single_Employee_Record@6253c26]" started-at="2021-10-08T15:01:43Z" name="setup" finished-at="2021-10-08T15:01:43Z" duration-ms="165" status="PASS">
          <reporter-output>
          </reporter-output>
        </test-method> <!-- setup -->
        <test-method is-config="true" signature="get_Single_Employee_By_empId()[pri:0, instance:com.employee.framework.TC002_Get_Single_Employee_Record@6253c26]" started-at="2021-10-08T15:01:43Z" name="get_Single_Employee_By_empId" finished-at="2021-10-08T15:01:46Z" duration-ms="2985" status="PASS">
          <reporter-output>
          </reporter-output>
        </test-method> <!-- get_Single_Employee_By_empId -->
        <test-method signature="checkResponseBody()[pri:0, instance:com.employee.framework.TC002_Get_Single_Employee_Record@6253c26]" started-at="2021-10-08T15:01:46Z" name="checkResponseBody" finished-at="2021-10-08T15:01:46Z" duration-ms="88" status="PASS">
          <reporter-output>
          </reporter-output>
        </test-method> <!-- checkResponseBody -->
        <test-method signature="checkResponseTime()[pri:0, instance:com.employee.framework.TC002_Get_Single_Employee_Record@6253c26]" started-at="2021-10-08T15:01:46Z" name="checkResponseTime" finished-at="2021-10-08T15:01:46Z" duration-ms="3" status="PASS">
          <reporter-output>
          </reporter-output>
        </test-method> <!-- checkResponseTime -->
        <test-method signature="checkStatusCode()[pri:0, instance:com.employee.framework.TC002_Get_Single_Employee_Record@6253c26]" started-at="2021-10-08T15:01:46Z" name="checkStatusCode" finished-at="2021-10-08T15:01:46Z" duration-ms="3" status="PASS">
          <reporter-output>
          </reporter-output>
        </test-method> <!-- checkStatusCode -->
        <test-method is-config="true" signature="tearDown()[pri:0, instance:com.employee.framework.TC002_Get_Single_Employee_Record@6253c26]" started-at="2021-10-08T15:01:46Z" name="tearDown" finished-at="2021-10-08T15:01:46Z" duration-ms="1" status="PASS">
          <reporter-output>
          </reporter-output>
        </test-method> <!-- tearDown -->
      </class> <!-- com.employee.framework.TC002_Get_Single_Employee_Record -->
    </test> <!-- Default test -->
  </suite> <!-- Default suite -->
</testng-results>
