<?xml version="1.0" encoding="UTF-8"?>
<testng-results ignored="0" total="9" passed="9" failed="0" skipped="0">
  <reporter-output>
  </reporter-output>
  <suite started-at="2021-10-07T14:46:18Z" name="Default suite" finished-at="2021-10-07T14:46:21Z" duration-ms="3676">
    <groups>
    </groups>
    <test started-at="2021-10-07T14:46:18Z" name="Default test" finished-at="2021-10-07T14:46:21Z" duration-ms="3676">
      <class name="com.employee.framework.TC001_Get_All_Employees">
        <test-method is-config="true" signature="setup()[pri:0, instance:com.employee.framework.TC001_Get_All_Employees@6253c26]" started-at="2021-10-07T14:46:18Z" name="setup" finished-at="2021-10-07T14:46:18Z" duration-ms="167" status="PASS">
          <reporter-output>
          </reporter-output>
        </test-method> <!-- setup -->
        <test-method is-config="true" signature="getAllEmployees()[pri:0, instance:com.employee.framework.TC001_Get_All_Employees@6253c26]" started-at="2021-10-07T14:46:18Z" name="getAllEmployees" finished-at="2021-10-07T14:46:21Z" duration-ms="3271" status="PASS">
          <reporter-output>
          </reporter-output>
        </test-method> <!-- getAllEmployees -->
        <test-method signature="checkContentLenght()[pri:0, instance:com.employee.framework.TC001_Get_All_Employees@6253c26]" started-at="2021-10-07T14:46:21Z" name="checkContentLenght" finished-at="2021-10-07T14:46:21Z" duration-ms="14" status="PASS">
          <reporter-output>
          </reporter-output>
        </test-method> <!-- checkContentLenght -->
        <test-method signature="checkContentType()[pri:0, instance:com.employee.framework.TC001_Get_All_Employees@6253c26]" started-at="2021-10-07T14:46:21Z" name="checkContentType" finished-at="2021-10-07T14:46:21Z" duration-ms="16" status="PASS">
          <reporter-output>
          </reporter-output>
        </test-method> <!-- checkContentType -->
        <test-method signature="checkCookies()[pri:0, instance:com.employee.framework.TC001_Get_All_Employees@6253c26]" started-at="2021-10-07T14:46:21Z" name="checkCookies" finished-at="2021-10-07T14:46:21Z" duration-ms="9" status="PASS">
          <reporter-output>
          </reporter-output>
        </test-method> <!-- checkCookies -->
        <test-method signature="checkResponseTime()[pri:0, instance:com.employee.framework.TC001_Get_All_Employees@6253c26]" started-at="2021-10-07T14:46:21Z" name="checkResponseTime" finished-at="2021-10-07T14:46:21Z" duration-ms="7" status="PASS">
          <reporter-output>
          </reporter-output>
        </test-method> <!-- checkResponseTime -->
        <test-method signature="checkResposeBody()[pri:0, instance:com.employee.framework.TC001_Get_All_Employees@6253c26]" started-at="2021-10-07T14:46:21Z" name="checkResposeBody" finished-at="2021-10-07T14:46:21Z" duration-ms="60" status="PASS">
          <reporter-output>
          </reporter-output>
        </test-method> <!-- checkResposeBody -->
        <test-method signature="checkStatusCode()[pri:0, instance:com.employee.framework.TC001_Get_All_Employees@6253c26]" started-at="2021-10-07T14:46:21Z" name="checkStatusCode" finished-at="2021-10-07T14:46:21Z" duration-ms="9" status="PASS">
          <reporter-output>
          </reporter-output>
        </test-method> <!-- checkStatusCode -->
        <test-method signature="checkcontentEncoding()[pri:0, instance:com.employee.framework.TC001_Get_All_Employees@6253c26]" started-at="2021-10-07T14:46:21Z" name="checkcontentEncoding" finished-at="2021-10-07T14:46:21Z" duration-ms="5" status="PASS">
          <reporter-output>
          </reporter-output>
        </test-method> <!-- checkcontentEncoding -->
        <test-method signature="checkserverType()[pri:0, instance:com.employee.framework.TC001_Get_All_Employees@6253c26]" started-at="2021-10-07T14:46:21Z" name="checkserverType" finished-at="2021-10-07T14:46:21Z" duration-ms="27" status="PASS">
          <reporter-output>
          </reporter-output>
        </test-method> <!-- checkserverType -->
        <test-method signature="checkstatusLine()[pri:0, instance:com.employee.framework.TC001_Get_All_Employees@6253c26]" started-at="2021-10-07T14:46:21Z" name="checkstatusLine" finished-at="2021-10-07T14:46:21Z" duration-ms="10" status="PASS">
          <reporter-output>
          </reporter-output>
        </test-method> <!-- checkstatusLine -->
        <test-method is-config="true" signature="tearDown()[pri:0, instance:com.employee.framework.TC001_Get_All_Employees@6253c26]" started-at="2021-10-07T14:46:21Z" name="tearDown" finished-at="2021-10-07T14:46:21Z" duration-ms="7" status="PASS">
          <reporter-output>
          </reporter-output>
        </test-method> <!-- tearDown -->
      </class> <!-- com.employee.framework.TC001_Get_All_Employees -->
    </test> <!-- Default test -->
  </suite> <!-- Default suite -->
</testng-results>
